This file contains any messages produced by compilers while
running configure, to aid debugging if configure makes a mistake.

configure:532: checking for gcc
configure:609: checking whether the C compiler (gcc -O3 ) works
configure:623: gcc -o conftest -O3   conftest.c  1>&5
configure:620:1: warning: return type defaults to 'int' [-Wimplicit-int]
  620 | main(){return(0);}
      | ^~~~
configure:643: checking whether the C compiler (gcc -O3 ) is a cross-compiler
configure:648: checking whether we are using GNU C
configure:657: gcc -E conftest.c
configure:672: checking whether gcc accepts -g
configure:701: checking how to run the C preprocessor
configure:722: gcc -E  conftest.c >/dev/null 2>conftest.out
configure:762: checking for AIX
configure:793: checking for ranlib
configure:821: checking for ANSI C header files
configure:834: gcc -E  conftest.c >/dev/null 2>conftest.out
configure:901: gcc -o conftest -O3 -g -Wall -Wcast-qual -Wshadow -Wpointer-arith -Wmissing-prototypes   conftest.c  1>&5
configure: In function 'main':
configure:896:67: warning: implicit declaration of function 'exit' [-Wimplicit-function-declaration]
  896 | if (XOR (islower (i), ISLOWER (i)) || toupper (i) != TOUPPER (i)) exit(2);
      |                                                                   ^~~~
configure:896:67: warning: incompatible implicit declaration of built-in function 'exit'
configure:892:1: note: include '<stdlib.h>' or provide a declaration of 'exit'
  891 | #include <ctype.h>
  +++ |+#include <stdlib.h>
  892 | #define ISLOWER(c) ('a' <= (c) && (c) <= 'z')
configure:897:1: warning: incompatible implicit declaration of built-in function 'exit'
  897 | exit (0); }
      | ^~~~
configure:897:1: note: include '<stdlib.h>' or provide a declaration of 'exit'
configure:926: checking for working const
configure:980: gcc -c -O3 -g -Wall -Wcast-qual -Wshadow -Wpointer-arith -Wmissing-prototypes  conftest.c 1>&5
configure: In function 'main':
configure:950:5: warning: cast discards 'const' qualifier from pointer target type [-Wcast-qual]
  950 | p = (char**) ccp;
      |     ^
configure:954:15: warning: unused variable 's' [-Wunused-variable]
  954 |   char const *s = 0 ? (char *) 0 : (char const *) 0;
      |               ^
configure:959:7: warning: declaration of 'x' shadows a previous local [-Wshadow]
  959 |   int x[] = {25, 17};
      |       ^
configure:936:39: note: shadowed declaration is here
  936 | typedef int charset[2]; const charset x;
      |                                       ^
configure:965:8: warning: declaration of 'p' shadows a previous local [-Wshadow]
  965 |   iptr p = 0;
      |        ^
configure:939:8: note: shadowed declaration is here
  939 | char **p;
      |        ^
configure:974:13: warning: unused variable 'foo' [-Wunused-variable]
  974 |   const int foo = 10;
      |             ^~~
configure:942:27: warning: unused variable 'zero' [-Wunused-variable]
  942 | static struct point const zero = {0,0};
      |                           ^~~~
configure:936:39: warning: unused variable 'x' [-Wunused-variable]
  936 | typedef int charset[2]; const charset x;
      |                                       ^
configure:956:5: warning: 't' is used uninitialized in this function [-Wuninitialized]
  956 |   *t++ = 0;
      |    ~^~
configure:971:21: warning: 'b' is used uninitialized in this function [-Wuninitialized]
  971 |   struct s *b; b->j = 5;
      |                ~~~~~^~~
configure:1001: checking for size_t
configure:1034: checking size of short
configure:1053: gcc -o conftest -O3 -g -Wall -Wcast-qual -Wshadow -Wpointer-arith -Wmissing-prototypes   conftest.c  1>&5
configure:1044:1: warning: return type defaults to 'int' [-Wimplicit-int]
 1044 | main()
      | ^~~~
configure: In function 'main':
configure:1047:11: warning: implicit declaration of function 'exit' [-Wimplicit-function-declaration]
 1047 |   if (!f) exit(1);
      |           ^~~~
configure:1047:11: warning: incompatible implicit declaration of built-in function 'exit'
configure:1044:1: note: include '<stdlib.h>' or provide a declaration of 'exit'
 1043 | #include <stdio.h>
  +++ |+#include <stdlib.h>
 1044 | main()
configure:1048:14: warning: format '%d' expects argument of type 'int', but argument 3 has type 'long unsigned int' [-Wformat=]
 1048 |   fprintf(f, "%d\n", sizeof(short));
      |              ^~~~~~  ~~~~~~~~~~~~~
      |                      |
      |                      long unsigned int
configure:1049:3: warning: incompatible implicit declaration of built-in function 'exit'
 1049 |   exit(0);
      |   ^~~~
configure:1049:3: note: include '<stdlib.h>' or provide a declaration of 'exit'
configure:1073: checking size of int
configure:1092: gcc -o conftest -O3 -g -Wall -Wcast-qual -Wshadow -Wpointer-arith -Wmissing-prototypes   conftest.c  1>&5
configure:1083:1: warning: return type defaults to 'int' [-Wimplicit-int]
 1083 | main()
      | ^~~~
configure: In function 'main':
configure:1086:11: warning: implicit declaration of function 'exit' [-Wimplicit-function-declaration]
 1086 |   if (!f) exit(1);
      |           ^~~~
configure:1086:11: warning: incompatible implicit declaration of built-in function 'exit'
configure:1083:1: note: include '<stdlib.h>' or provide a declaration of 'exit'
 1082 | #include <stdio.h>
  +++ |+#include <stdlib.h>
 1083 | main()
configure:1087:14: warning: format '%d' expects argument of type 'int', but argument 3 has type 'long unsigned int' [-Wformat=]
 1087 |   fprintf(f, "%d\n", sizeof(int));
      |              ^~~~~~  ~~~~~~~~~~~
      |                      |
      |                      long unsigned int
configure:1088:3: warning: incompatible implicit declaration of built-in function 'exit'
 1088 |   exit(0);
      |   ^~~~
configure:1088:3: note: include '<stdlib.h>' or provide a declaration of 'exit'
configure:1112: checking size of long
configure:1131: gcc -o conftest -O3 -g -Wall -Wcast-qual -Wshadow -Wpointer-arith -Wmissing-prototypes   conftest.c  1>&5
configure:1122:1: warning: return type defaults to 'int' [-Wimplicit-int]
 1122 | main()
      | ^~~~
configure: In function 'main':
configure:1125:11: warning: implicit declaration of function 'exit' [-Wimplicit-function-declaration]
 1125 |   if (!f) exit(1);
      |           ^~~~
configure:1125:11: warning: incompatible implicit declaration of built-in function 'exit'
configure:1122:1: note: include '<stdlib.h>' or provide a declaration of 'exit'
 1121 | #include <stdio.h>
  +++ |+#include <stdlib.h>
 1122 | main()
configure:1126:14: warning: format '%d' expects argument of type 'int', but argument 3 has type 'long unsigned int' [-Wformat=]
 1126 |   fprintf(f, "%d\n", sizeof(long));
      |              ^~~~~~  ~~~~~~~~~~~~
      |                      |
      |                      long unsigned int
configure:1127:3: warning: incompatible implicit declaration of built-in function 'exit'
 1127 |   exit(0);
      |   ^~~~
configure:1127:3: note: include '<stdlib.h>' or provide a declaration of 'exit'
configure:1151: checking size of void*
configure:1170: gcc -o conftest -O3 -g -Wall -Wcast-qual -Wshadow -Wpointer-arith -Wmissing-prototypes   conftest.c  1>&5
configure:1161:1: warning: return type defaults to 'int' [-Wimplicit-int]
 1161 | main()
      | ^~~~
configure: In function 'main':
configure:1164:11: warning: implicit declaration of function 'exit' [-Wimplicit-function-declaration]
 1164 |   if (!f) exit(1);
      |           ^~~~
configure:1164:11: warning: incompatible implicit declaration of built-in function 'exit'
configure:1161:1: note: include '<stdlib.h>' or provide a declaration of 'exit'
 1160 | #include <stdio.h>
  +++ |+#include <stdlib.h>
 1161 | main()
configure:1165:14: warning: format '%d' expects argument of type 'int', but argument 3 has type 'long unsigned int' [-Wformat=]
 1165 |   fprintf(f, "%d\n", sizeof(void*));
      |              ^~~~~~  ~~~~~~~~~~~~~
      |                      |
      |                      long unsigned int
configure:1166:3: warning: incompatible implicit declaration of built-in function 'exit'
 1166 |   exit(0);
      |   ^~~~
configure:1166:3: note: include '<stdlib.h>' or provide a declaration of 'exit'
configure:1195: checking for random
configure:1223: gcc -o conftest -O3 -g -Wall -Wcast-qual -Wshadow -Wpointer-arith -Wmissing-prototypes   conftest.c  1>&5
configure:1195: checking for modf
configure:1223: gcc -o conftest -O3 -g -Wall -Wcast-qual -Wshadow -Wpointer-arith -Wmissing-prototypes   conftest.c  1>&5
configure:1207:6: warning: conflicting types for built-in function 'modf'; expected 'double(double,  double *)' [-Wbuiltin-declaration-mismatch]
 1207 | char $ac_func();
      |      ^~~~
configure:1204:1: note: 'modf' is declared in header '<math.h>'
 1203 | #include <assert.h>
  +++ |+#include <math.h>
 1204 | /* Override any gcc2 internal prototype to avoid an error.  */
configure:1346: checking if random is defined in stdlib.h
configure:1373: checking whether make sets ${MAKE}
